<?xml version="1.0" encoding="UTF-8"?>
<!-- Generated by org.testng.reporters.JUnitReportReporter -->
<testsuite hostname="HIBACL101404" failures="0" tests="1" name="com.practice.tests.Assignment2" time="5.244" errors="0" timestamp="2021-04-12T19:41:03 IST" skipped="0">
  <testcase classname="com.practice.tests.Assignment2" name="readTopURL" time="5.244"/>
  <system-out/>
</testsuite> <!-- com.practice.tests.Assignment2 -->
