<?xml version="1.0" encoding="UTF-8"?>
<!-- Generated by org.testng.reporters.JUnitReportReporter -->
<testsuite hostname="HIBACL101404" failures="0" tests="5" name="com.practice.tests.Assignment1" time="16.672" errors="0" timestamp="2021-04-12T19:41:03 IST" skipped="0">
  <testcase classname="com.practice.tests.Assignment1" name="readTopURL" time="3.912"/>
  <system-out/>
  <testcase classname="com.practice.tests.Assignment1" name="readTopURL" time="3.311"/>
  <system-out/>
  <testcase classname="com.practice.tests.Assignment1" name="readTopURL" time="3.401"/>
  <system-out/>
  <testcase classname="com.practice.tests.Assignment1" name="readTopURL" time="2.918"/>
  <system-out/>
  <testcase classname="com.practice.tests.Assignment1" name="readTopURL" time="3.130"/>
  <system-out/>
</testsuite> <!-- com.practice.tests.Assignment1 -->
