<?xml version="1.0" encoding="UTF-8"?>
<!-- Generated by org.testng.reporters.JUnitReportReporter -->
<testsuite hostname="HIBACL101404" failures="0" tests="2" name="com.practice.tests.DemoTest" time="0.024" errors="0" timestamp="2021-04-09T10:05:27 IST" skipped="0">
  <testcase classname="com.practice.tests.DemoTest" name="sub" time="0.013"/>
  <system-out/>
  <testcase classname="com.practice.tests.DemoTest" name="sum" time="0.011"/>
  <system-out/>
</testsuite> <!-- com.practice.tests.DemoTest -->
